[0m[[0m[0mdebug[0m] [0m[0m> Exec(reload, None, Some(CommandSource(console0)))[0m
[0m[[0m[0mdebug[0m] [0m[0m> Exec(sbtStashOnFailure, None, Some(CommandSource(console0)))[0m
[0m[[0m[0mdebug[0m] [0m[0m> Exec(onFailure loadFailed, None, Some(CommandSource(console0)))[0m
[0m[[0m[0mdebug[0m] [0m[0m> Exec(loadp, None, Some(CommandSource(console0)))[0m
[0m[[0m[0minfo[0m] [0m[0mwelcome to sbt 1.5.5 (Oracle Corporation Java 1.8.0_311)[0m
[0m[[0m[0mdebug[0m] [0m[0m            Load.defaultLoad until apply took 1.3031ms[0m
[0m[[0m[0mdebug[0m] [0m[0m                            Load.loadUnit: plugins took 27.6379ms[0m
[0m[[0m[0mdebug[0m] [0m[0m                            Load.loadUnit: defsScala took 0.0175ms[0m
[0m[[0m[0mdebug[0m] [0m[0m[Loading] Scanning directory C:\dev\bughware\bughware\project\project[0m
[0m[[0m[0mdebug[0m] [0m[0m                              Load.loadUnit: mkEval took 0.2853ms[0m
[0m[[0m[0mdebug[0m] [0m[0m[Loading] Found non-root projects [0m
[0m[[0m[0mdebug[0m] [0m[0m[Loading] Done in C:\dev\bughware\bughware\project\project, returning: ()[0m
[0m[[0m[0mdebug[0m] [0m[0mdeducing auto plugins based on known facts Set(Atom(sbt.plugins.CorePlugin)) and clauses Clauses(Clause(Atom(sbt.plugins.JvmPlugin),Set(Atom(sbt.plugins.IvyPlugin)))[0m
[0m[[0m[0mdebug[0m] [0m[0mClause(Atom(sbt.ScriptedPlugin),Set(Atom(sbt.plugins.JvmPlugin)))[0m
[0m[[0m[0mdebug[0m] [0m[0mClause(Atom(sbt.plugins.SbtPlugin),Set(Atom(sbt.ScriptedPlugin)))[0m
[0m[[0m[0mdebug[0m] [0m[0mClause(Atom(sbt.plugins.SemanticdbPlugin),Set(Atom(sbt.plugins.JvmPlugin)))[0m
[0m[[0m[0mdebug[0m] [0m[0mClause(Atom(sbt.plugins.JUnitXmlReportPlugin),Set(Atom(sbt.plugins.JvmPlugin)))[0m
[0m[[0m[0mdebug[0m] [0m[0mClause(Atom(sbt.plugins.MiniDependencyTreePlugin),Set(Atom(sbt.plugins.JvmPlugin)))[0m
[0m[[0m[0mdebug[0m] [0m[0mClause(Atom(sbt.plugins.CorePlugin),Set(Atom(sbt.plugins.IvyPlugin)))[0m
[0m[[0m[0mdebug[0m] [0m[0mClause(Atom(sbt.plugins.IvyPlugin),Set(Atom(sbt.plugins.JvmPlugin)))[0m
[0m[[0m[0mdebug[0m] [0m[0mClause(Atom(sbt.plugins.JvmPlugin),Set(Atom(sbt.plugins.SemanticdbPlugin)))[0m
[0m[[0m[0mdebug[0m] [0m[0mClause(Atom(sbt.plugins.JvmPlugin),Set(Atom(sbt.plugins.JUnitXmlReportPlugin)))[0m
[0m[[0m[0mdebug[0m] [0m[0mClause(Atom(sbt.plugins.CorePlugin),Set(Atom(sbt.plugins.Giter8TemplatePlugin)))[0m
[0m[[0m[0mdebug[0m] [0m[0mClause(Atom(sbt.plugins.JvmPlugin),Set(Atom(sbt.plugins.MiniDependencyTreePlugin))))[0m
[0m[[0m[0mdebug[0m] [0m[0m  :: deduced result: Matched(sbt.plugins.CorePlugin,sbt.plugins.Giter8TemplatePlugin,sbt.plugins.IvyPlugin,sbt.plugins.JvmPlugin,sbt.plugins.MiniDependencyTreePlugin,sbt.plugins.JUnitXmlReportPlugin,sbt.plugins.SemanticdbPlugin)[0m
[0m[[0m[0mdebug[0m] [0m[0mPlugins.deducer#function took 1.1548 ms[0m
[0m[[0m[0minfo[0m] [0m[0mloading settings for project bughware-build-build from metals.sbt ...[0m
[0m[[0m[0mdebug[0m] [0m[0m                                Load.resolveProject(bughware-build-build) took 2.434ms[0m
[0m[[0m[0mdebug[0m] [0m[0m                              Load.loadTransitive: finalizeProject(Project(id bughware-build-build, base: C:\dev\bughware\bughware\project\project, plugins: List(<none>))) took 3.9862ms[0m
[0m[[0m[0mdebug[0m] [0m[0m[Loading] Done in C:\dev\bughware\bughware\project\project, returning: (bughware-build-build)[0m
[0m[[0m[0mdebug[0m] [0m[0m                            Load.loadUnit: loadedProjectsRaw took 16.7772ms[0m
[0m[[0m[0mdebug[0m] [0m[0m                            Load.loadUnit: cleanEvalClasses took 1.4368ms[0m
[0m[[0m[0mdebug[0m] [0m[0m                          Load.loadUnit(file:/C:/dev/bughware/bughware/project/project/, ...) took 47.1776ms[0m
[0m[[0m[0mdebug[0m] [0m[0m                        Load.apply: load took 48.3268ms[0m
[0m[[0m[0mdebug[0m] [0m[0m                        Load.apply: resolveProjects took 0.1372ms[0m
[0m[[0m[0mdebug[0m] [0m[0m                        Load.apply: finalTransforms took 6.7096ms[0m
[0m[[0m[0mdebug[0m] [0m[0m                        Load.apply: config.delegates took 0.1885ms[0m
[0m[[0m[0mdebug[0m] [0m[0m                        Load.apply: Def.make(settings)... took 43.7682ms[0m
[0m[[0m[0mdebug[0m] [0m[0m                        Load.apply: structureIndex took 14.002ms[0m
[0m[[0m[0mdebug[0m] [0m[0m                        Load.apply: mkStreams took 0.0019ms[0m
[0m[[0m[0minfo[0m] [0m[0mloading project definition from C:\dev\bughware\bughware\project\project[0m
[0m[[0m[0mdebug[0m] [0m[0mRunning task... Cancel: Signal, check cycles: false, forcegc: true[0m
[0m[[0m[0mdebug[0m] [0m[0m                      Load.loadUnit: plugins took 195.2416ms[0m
[0m[[0m[0mdebug[0m] [0m[0m                      Load.loadUnit: defsScala took 0.0024ms[0m
[0m[[0m[0mdebug[0m] [0m[0m[Loading] Scanning directory C:\dev\bughware\bughware\project[0m
[0m[[0m[0mdebug[0m] [0m[0m                        Load.loadUnit: mkEval took 0.2051ms[0m
[0m[[0m[0mdebug[0m] [0m[0m[Loading] Found non-root projects [0m
[0m[[0m[0mdebug[0m] [0m[0m[Loading] Done in C:\dev\bughware\bughware\project, returning: ()[0m
[0m[[0m[0mdebug[0m] [0m[0mdeducing auto plugins based on known facts Set(Atom(sbt.plugins.CorePlugin)) and clauses Clauses(Clause(Atom(sbt.plugins.JvmPlugin),Set(Atom(sbt.plugins.IvyPlugin)))[0m
[0m[[0m[0mdebug[0m] [0m[0mClause(Atom(sbt.ScriptedPlugin),Set(Atom(sbt.plugins.JvmPlugin)))[0m
[0m[[0m[0mdebug[0m] [0m[0mClause(Atom(sbt.plugins.SbtPlugin),Set(Atom(sbt.ScriptedPlugin)))[0m
[0m[[0m[0mdebug[0m] [0m[0mClause(Atom(sbt.plugins.SemanticdbPlugin),Set(Atom(sbt.plugins.JvmPlugin)))[0m
[0m[[0m[0mdebug[0m] [0m[0mClause(Atom(sbt.plugins.JUnitXmlReportPlugin),Set(Atom(sbt.plugins.JvmPlugin)))[0m
[0m[[0m[0mdebug[0m] [0m[0mClause(Atom(sbt.plugins.MiniDependencyTreePlugin),Set(Atom(sbt.plugins.JvmPlugin)))[0m
[0m[[0m[0mdebug[0m] [0m[0mClause(Atom(bloop.integrations.sbt.BloopPlugin),Set(Atom(sbt.plugins.JvmPlugin)))[0m
[0m[[0m[0mdebug[0m] [0m[0mClause(Atom(sbt.plugins.CorePlugin),Set(Atom(sbt.plugins.IvyPlugin)))[0m
[0m[[0m[0mdebug[0m] [0m[0mClause(Atom(sbt.plugins.IvyPlugin),Set(Atom(sbt.plugins.JvmPlugin)))[0m
[0m[[0m[0mdebug[0m] [0m[0mClause(Atom(sbt.plugins.JvmPlugin),Set(Atom(sbt.plugins.SemanticdbPlugin)))[0m
[0m[[0m[0mdebug[0m] [0m[0mClause(Atom(sbt.plugins.JvmPlugin),Set(Atom(sbt.plugins.JUnitXmlReportPlugin)))[0m
[0m[[0m[0mdebug[0m] [0m[0mClause(Atom(sbt.plugins.CorePlugin),Set(Atom(sbt.plugins.Giter8TemplatePlugin)))[0m
[0m[[0m[0mdebug[0m] [0m[0mClause(Atom(sbt.plugins.JvmPlugin),Set(Atom(sbt.plugins.MiniDependencyTreePlugin)))[0m
[0m[[0m[0mdebug[0m] [0m[0mClause(Atom(sbt.plugins.JvmPlugin),Set(Atom(bloop.integrations.sbt.BloopPlugin))))[0m
[0m[[0m[0mdebug[0m] [0m[0m  :: deduced result: Matched(sbt.plugins.CorePlugin,sbt.plugins.Giter8TemplatePlugin,sbt.plugins.IvyPlugin,sbt.plugins.JvmPlugin,bloop.integrations.sbt.BloopPlugin,sbt.plugins.MiniDependencyTreePlugin,sbt.plugins.JUnitXmlReportPlugin,sbt.plugins.SemanticdbPlugin)[0m
[0m[[0m[0mdebug[0m] [0m[0mPlugins.deducer#function took 0.6913 ms[0m
[0m[[0m[0minfo[0m] [0m[0mloading settings for project bughware-build from metals.sbt ...[0m
[0m[[0m[0mdebug[0m] [0m[0m                          Load.resolveProject(bughware-build) took 42.6538ms[0m
[0m[[0m[0mdebug[0m] [0m[0m                        Load.loadTransitive: finalizeProject(Project(id bughware-build, base: C:\dev\bughware\bughware\project, plugins: List(<none>))) took 43.8279ms[0m
[0m[[0m[0mdebug[0m] [0m[0m[Loading] Done in C:\dev\bughware\bughware\project, returning: (bughware-build)[0m
[0m[[0m[0mdebug[0m] [0m[0m                      Load.loadUnit: loadedProjectsRaw took 56.3173ms[0m
[0m[[0m[0mdebug[0m] [0m[0m                      Load.loadUnit: cleanEvalClasses took 1.2681ms[0m
[0m[[0m[0mdebug[0m] [0m[0m                    Load.loadUnit(file:/C:/dev/bughware/bughware/project/, ...) took 253.4681ms[0m
[0m[[0m[0mdebug[0m] [0m[0m                  Load.apply: load took 254.4442ms[0m
[0m[[0m[0mdebug[0m] [0m[0m                  Load.apply: resolveProjects took 0.0677ms[0m
[0m[[0m[0mdebug[0m] [0m[0m                  Load.apply: finalTransforms took 13.8708ms[0m
[0m[[0m[0mdebug[0m] [0m[0m                  Load.apply: config.delegates took 0.5106ms[0m
[0m[[0m[0mdebug[0m] [0m[0m                  Load.apply: Def.make(settings)... took 53.768ms[0m
[0m[[0m[0mdebug[0m] [0m[0m                  Load.apply: structureIndex took 15.1658ms[0m
[0m[[0m[0mdebug[0m] [0m[0m                  Load.apply: mkStreams took 0.0015ms[0m
[0m[[0m[0minfo[0m] [0m[0mloading project definition from C:\dev\bughware\bughware\project[0m
[0m[[0m[0mdebug[0m] [0m[0mEvaluating tasks: bloopInstall[0m
[0m[[0m[0mdebug[0m] [0m[0mRunning task... Cancel: bloop.integrations.sbt.Offloader$$anon$1@edffdb, check cycles: false, forcegc: true[0m
[0m[[0m[32msuccess[0m] [0m[0mGenerated .bloop\bughware-build.json[0m
[0m[[0m[32msuccess[0m] [0m[0mTotal time: 1 s, completed 2021-dec-08 19:12:04[0m
[0m[[0m[0mdebug[0m] [0m[0mRunning task... Cancel: bloop.integrations.sbt.Offloader$$anon$1@1064d38, check cycles: false, forcegc: true[0m
[0m[[0m[0mdebug[0m] [0m[0m                Load.loadUnit: plugins took 949.7246ms[0m
[0m[[0m[0mdebug[0m] [0m[0m                Load.loadUnit: defsScala took 0.0016ms[0m
[0m[[0m[0mdebug[0m] [0m[0m[Loading] Scanning directory C:\dev\bughware\bughware[0m
[0m[[0m[0mdebug[0m] [0m[0m                  Load.loadUnit: mkEval took 0.1735ms[0m
[0m[[0m[0mdebug[0m] [0m[0m[Loading] Found root project root w/ remaining [0m
[0m[[0m[0mdebug[0m] [0m[0mdeducing auto plugins based on known facts Set(Atom(sbt.plugins.CorePlugin)) and clauses Clauses(Clause(Atom(sbt.plugins.JvmPlugin),Set(Atom(sbt.plugins.IvyPlugin)))[0m
[0m[[0m[0mdebug[0m] [0m[0mClause(Atom(sbt.ScriptedPlugin),Set(Atom(sbt.plugins.JvmPlugin)))[0m
[0m[[0m[0mdebug[0m] [0m[0mClause(Atom(sbt.plugins.SbtPlugin),Set(Atom(sbt.ScriptedPlugin)))[0m
[0m[[0m[0mdebug[0m] [0m[0mClause(Atom(sbt.plugins.SemanticdbPlugin),Set(Atom(sbt.plugins.JvmPlugin)))[0m
[0m[[0m[0mdebug[0m] [0m[0mClause(Atom(sbt.plugins.JUnitXmlReportPlugin),Set(Atom(sbt.plugins.JvmPlugin)))[0m
[0m[[0m[0mdebug[0m] [0m[0mClause(Atom(sbt.plugins.MiniDependencyTreePlugin),Set(Atom(sbt.plugins.JvmPlugin)))[0m
[0m[[0m[0mdebug[0m] [0m[0mClause(Atom(bloop.integrations.sbt.BloopPlugin),Set(Atom(sbt.plugins.JvmPlugin)))[0m
[0m[[0m[0mdebug[0m] [0m[0mClause(Atom(sbt.plugins.CorePlugin),Set(Atom(sbt.plugins.IvyPlugin)))[0m
[0m[[0m[0mdebug[0m] [0m[0mClause(Atom(sbt.plugins.IvyPlugin),Set(Atom(sbt.plugins.JvmPlugin)))[0m
[0m[[0m[0mdebug[0m] [0m[0mClause(Atom(sbt.plugins.JvmPlugin),Set(Atom(sbt.plugins.SemanticdbPlugin)))[0m
[0m[[0m[0mdebug[0m] [0m[0mClause(Atom(sbt.plugins.JvmPlugin),Set(Atom(sbt.plugins.JUnitXmlReportPlugin)))[0m
[0m[[0m[0mdebug[0m] [0m[0mClause(Atom(sbt.plugins.CorePlugin),Set(Atom(sbt.plugins.Giter8TemplatePlugin)))[0m
[0m[[0m[0mdebug[0m] [0m[0mClause(Atom(sbt.plugins.JvmPlugin),Set(Atom(sbt.plugins.MiniDependencyTreePlugin)))[0m
[0m[[0m[0mdebug[0m] [0m[0mClause(Atom(sbt.plugins.JvmPlugin),Set(Atom(bloop.integrations.sbt.BloopPlugin))))[0m
[0m[[0m[0mdebug[0m] [0m[0m  :: deduced result: Matched(sbt.plugins.CorePlugin,sbt.plugins.Giter8TemplatePlugin,sbt.plugins.IvyPlugin,sbt.plugins.JvmPlugin,bloop.integrations.sbt.BloopPlugin,sbt.plugins.MiniDependencyTreePlugin,sbt.plugins.JUnitXmlReportPlugin,sbt.plugins.SemanticdbPlugin)[0m
[0m[[0m[0mdebug[0m] [0m[0mPlugins.deducer#function took 0.6386 ms[0m
[0m[[0m[0minfo[0m] [0m[0mloading settings for project root from build.sbt ...[0m
[0m[[0m[0mdebug[0m] [0m[0m                    Load.resolveProject(root) took 28.9564ms[0m
[0m[[0m[0mdebug[0m] [0m[0m                  Load.loadTransitive: finalizeProject(Project(id root, base: C:\dev\bughware\bughware, plugins: List(<none>))) took 30.0086ms[0m
[0m[[0m[0mdebug[0m] [0m[0m[Loading] Done in C:\dev\bughware\bughware, returning: (root)[0m
[0m[[0m[0mdebug[0m] [0m[0m                Load.loadUnit: loadedProjectsRaw took 2359.1448ms[0m
[0m[[0m[0mdebug[0m] [0m[0m                Load.loadUnit: cleanEvalClasses took 3.2246ms[0m
[0m[[0m[0mdebug[0m] [0m[0m              Load.loadUnit(file:/C:/dev/bughware/bughware/, ...) took 3312.8605ms[0m
[0m[[0m[0mdebug[0m] [0m[0m            Load.apply: load took 3313.9948ms[0m
[0m[[0m[0mdebug[0m] [0m[0m            Load.apply: resolveProjects took 0.0768ms[0m
[0m[[0m[0mdebug[0m] [0m[0m            Load.apply: finalTransforms took 12.3315ms[0m
[0m[[0m[0mdebug[0m] [0m[0m            Load.apply: config.delegates took 0.2188ms[0m
[0m[[0m[0mdebug[0m] [0m[0m            Load.apply: Def.make(settings)... took 52.4632ms[0m
[0m[[0m[0mdebug[0m] [0m[0m            Load.apply: structureIndex took 14.4135ms[0m
[0m[[0m[0mdebug[0m] [0m[0m            Load.apply: mkStreams took 0.002ms[0m
[0m[[0m[0minfo[0m] [0m[0mset current project to bughware (in build file:/C:/dev/bughware/bughware/)[0m
[0m[[0m[0mdebug[0m] [0m[0m> Exec(sbtPopOnFailure, None, Some(CommandSource(console0)))[0m
[0m[[0m[0mdebug[0m] [0m[0m> Exec(resumeFromFailure, None, Some(CommandSource(console0)))[0m
[0m[[0m[0mdebug[0m] [0m[0m> Exec(resumeFromFailure, None, Some(CommandSource(console0)))[0m
[0m[[0m[0mdebug[0m] [0m[0m> Exec(resumeFromFailure, None, Some(CommandSource(console0)))[0m
[0m[[0m[0mdebug[0m] [0m[0m> Exec(shell, None, None)[0m
