[0m[[0m[0mdebug[0m] [0m[0m> Exec(run, Some(ea7ccfc4-7b90-459b-968c-471c93f66d99), Some(CommandSource(console0)))[0m
[0m[[0m[0mdebug[0m] [0m[0mEvaluating tasks: Compile / run[0m
[0m[[0m[0mdebug[0m] [0m[0mRunning task... Cancel: bloop.integrations.sbt.Offloader$$anon$1@3a4506, check cycles: false, forcegc: true[0m
[0m[[0m[31merror[0m] [0m[0m## Exception when compiling 2 sources to C:\dev\bughware\bughware\target\scala-3.1.0\classes[0m
[0m[[0m[31merror[0m] [0m[0mjava.lang.OutOfMemoryError[0m
[0m[[0m[31merror[0m] [0m[0msun.misc.Unsafe.allocateMemory(Native Method)[0m
[0m[[0m[31merror[0m] [0m[0mjava.nio.DirectByteBuffer.<init>(Unknown Source)[0m
[0m[[0m[31merror[0m] [0m[0mjava.nio.ByteBuffer.allocateDirect(Unknown Source)[0m
[0m[[0m[31merror[0m] [0m[0msun.nio.ch.Util.getTemporaryDirectBuffer(Unknown Source)[0m
[0m[[0m[31merror[0m] [0m[0msun.nio.ch.IOUtil.read(Unknown Source)[0m
[0m[[0m[31merror[0m] [0m[0msun.nio.ch.FileChannelImpl.read(Unknown Source)[0m
[0m[[0m[31merror[0m] [0m[0msun.nio.ch.ChannelInputStream.read(Unknown Source)[0m
[0m[[0m[31merror[0m] [0m[0msun.nio.ch.ChannelInputStream.read(Unknown Source)[0m
[0m[[0m[31merror[0m] [0m[0msun.nio.ch.ChannelInputStream.read(Unknown Source)[0m
[0m[[0m[31merror[0m] [0m[0mjava.nio.file.Files.read(Unknown Source)[0m
[0m[[0m[31merror[0m] [0m[0mjava.nio.file.Files.readAllBytes(Unknown Source)[0m
[0m[[0m[31merror[0m] [0m[0msbt.internal.inc.HashUtil$.farmHash(HashUtil.scala:24)[0m
[0m[[0m[31merror[0m] [0m[0msbt.internal.inc.MappedVirtualFile.contentHash(MappedVirtualFile.scala:24)[0m
[0m[[0m[31merror[0m] [0m[0msbt.internal.inc.FarmHash$.ofFile(Stamp.scala:86)[0m
[0m[[0m[31merror[0m] [0m[0msbt.internal.inc.Stamper$.$anonfun$forContentHash$2(Stamp.scala:194)[0m
[0m[[0m[31merror[0m] [0m[0msbt.internal.inc.Stamper$.tryStamp(Stamp.scala:188)[0m
[0m[[0m[31merror[0m] [0m[0msbt.internal.inc.Stamper$.$anonfun$forContentHash$1(Stamp.scala:194)[0m
[0m[[0m[31merror[0m] [0m[0msbt.internal.VirtualFileValueCache$.$anonfun$apply$1(VirtualFileValueCache.scala:38)[0m
[0m[[0m[31merror[0m] [0m[0msbt.internal.inc.Stamper$.$anonfun$timeWrap$1(Stamp.scala:252)[0m
[0m[[0m[31merror[0m] [0m[0msbt.internal.VirtualFileValueCache0$VirtualFileCache.get(VirtualFileValueCache.scala:64)[0m
[0m[[0m[31merror[0m] [0m[0msbt.internal.VirtualFileValueCache0.$anonfun$get$1(VirtualFileValueCache.scala:58)[0m
[0m[[0m[31merror[0m] [0m[0msbt.Defaults$$anon$6.definesClass(Defaults.scala:2383)[0m
[0m[[0m[31merror[0m] [0m[0msbt.internal.inc.Locate$.$anonfun$entry$1(Locate.scala:60)[0m
[0m[[0m[31merror[0m] [0m[0mscala.collection.Iterator$$anon$10.next(Iterator.scala:461)[0m
[0m[[0m[31merror[0m] [0m[0mscala.collection.TraversableOnce.collectFirst(TraversableOnce.scala:180)[0m
[0m[[0m[31merror[0m] [0m[0mscala.collection.TraversableOnce.collectFirst$(TraversableOnce.scala:167)[0m
[0m[[0m[31merror[0m] [0m[0mscala.collection.AbstractIterator.collectFirst(Iterator.scala:1431)[0m
[0m[[0m[31merror[0m] [0m[0msbt.internal.inc.Locate$.$anonfun$entry$2(Locate.scala:67)[0m
[0m[[0m[31merror[0m] [0m[0msbt.internal.inc.LookupImpl.lookupOnClasspath(LookupImpl.scala:51)[0m
[0m[[0m[31merror[0m] [0m[0msbt.internal.inc.IncrementalCommon$.$anonfun$isLibraryModified$3(IncrementalCommon.scala:764)[0m
[0m[[0m[31merror[0m] [0m[0msbt.internal.inc.IncrementalCommon$.$anonfun$isLibraryModified$3$adapted(IncrementalCommon.scala:754)[0m
[0m[[0m[31merror[0m] [0m[0mscala.collection.Iterator.exists(Iterator.scala:969)[0m
[0m[[0m[31merror[0m] [0m[0mscala.collection.Iterator.exists$(Iterator.scala:967)[0m
[0m[[0m[31merror[0m] [0m[0mscala.collection.AbstractIterator.exists(Iterator.scala:1431)[0m
[0m[[0m[31merror[0m] [0m[0mscala.collection.IterableLike.exists(IterableLike.scala:79)[0m
[0m[[0m[31merror[0m] [0m[0mscala.collection.IterableLike.exists$(IterableLike.scala:78)[0m
[0m[[0m[31merror[0m] [0m[0mscala.collection.AbstractIterable.exists(Iterable.scala:56)[0m
[0m[[0m[31merror[0m] [0m[0msbt.internal.inc.IncrementalCommon$.isLibraryChanged$1(IncrementalCommon.scala:754)[0m
[0m[[0m[31merror[0m] [0m[0msbt.internal.inc.IncrementalCommon$.$anonfun$isLibraryModified$1(IncrementalCommon.scala:774)[0m
[0m[[0m[31merror[0m] [0m[0msbt.internal.inc.IncrementalCommon$.$anonfun$isLibraryModified$1$adapted(IncrementalCommon.scala:732)[0m
[0m[[0m[31merror[0m] [0m[0mscala.collection.parallel.AugmentedIterableIterator.filter2combiner(RemainsIterator.scala:149)[0m
[0m[[0m[31merror[0m] [0m[0mscala.collection.parallel.AugmentedIterableIterator.filter2combiner$(RemainsIterator.scala:146)[0m
[0m[[0m[31merror[0m] [0m[0mscala.collection.parallel.immutable.ParVector$ParVectorIterator.filter2combiner(ParVector.scala:66)[0m
[0m[[0m[31merror[0m] [0m[0mscala.collection.parallel.ParIterableLike$Filter.leaf(ParIterableLike.scala:1119)[0m
[0m[[0m[31merror[0m] [0m[0mscala.collection.parallel.Task.$anonfun$tryLeaf$1(Tasks.scala:53)[0m
[0m[[0m[31merror[0m] [0m[0mscala.runtime.java8.JFunction0$mcV$sp.apply(JFunction0$mcV$sp.java:23)[0m
[0m[[0m[31merror[0m] [0m[0mscala.util.control.Breaks$$anon$1.catchBreak(Breaks.scala:67)[0m
[0m[[0m[31merror[0m] [0m[0mscala.collection.parallel.Task.tryLeaf(Tasks.scala:56)[0m
[0m[[0m[31merror[0m] [0m[0mscala.collection.parallel.Task.tryLeaf$(Tasks.scala:50)[0m
[0m[[0m[31merror[0m] [0m[0mscala.collection.parallel.ParIterableLike$Filter.tryLeaf(ParIterableLike.scala:1115)[0m
[0m[[0m[31merror[0m] [0m[0mscala.collection.parallel.AdaptiveWorkStealingTasks$WrappedTask.internal(Tasks.scala:160)[0m
[0m[[0m[31merror[0m] [0m[0mscala.collection.parallel.AdaptiveWorkStealingTasks$WrappedTask.internal$(Tasks.scala:157)[0m
[0m[[0m[31merror[0m] [0m[0mscala.collection.parallel.AdaptiveWorkStealingForkJoinTasks$WrappedTask.internal(Tasks.scala:440)[0m
[0m[[0m[31merror[0m] [0m[0mscala.collection.parallel.AdaptiveWorkStealingTasks$WrappedTask.compute(Tasks.scala:150)[0m
[0m[[0m[31merror[0m] [0m[0mscala.collection.parallel.AdaptiveWorkStealingTasks$WrappedTask.compute$(Tasks.scala:149)[0m
[0m[[0m[31merror[0m] [0m[0mscala.collection.parallel.AdaptiveWorkStealingForkJoinTasks$WrappedTask.compute(Tasks.scala:440)[0m
[0m[[0m[31merror[0m] [0m[0mjava.util.concurrent.RecursiveAction.exec(Unknown Source)[0m
[0m[[0m[31merror[0m] [0m[0mjava.util.concurrent.ForkJoinTask.doExec(Unknown Source)[0m
[0m[[0m[31merror[0m] [0m[0mjava.util.concurrent.ForkJoinTask.doJoin(Unknown Source)[0m
[0m[[0m[31merror[0m] [0m[0mjava.util.concurrent.ForkJoinTask.join(Unknown Source)[0m
[0m[[0m[31merror[0m] [0m[0mscala.collection.parallel.ForkJoinTasks$WrappedTask.sync(Tasks.scala:379)[0m
[0m[[0m[31merror[0m] [0m[0mscala.collection.parallel.ForkJoinTasks$WrappedTask.sync$(Tasks.scala:379)[0m
[0m[[0m[31merror[0m] [0m[0mscala.collection.parallel.AdaptiveWorkStealingForkJoinTasks$WrappedTask.sync(Tasks.scala:440)[0m
[0m[[0m[31merror[0m] [0m[0mscala.collection.parallel.ForkJoinTasks.executeAndWaitResult(Tasks.scala:423)[0m
[0m[[0m[31merror[0m] [0m[0mscala.collection.parallel.ForkJoinTasks.executeAndWaitResult$(Tasks.scala:416)[0m
[0m[[0m[31merror[0m] [0m[0mscala.collection.parallel.ForkJoinTaskSupport.executeAndWaitResult(TaskSupport.scala:60)[0m
[0m[[0m[31merror[0m] [0m[0mscala.collection.parallel.ExecutionContextTasks.executeAndWaitResult(Tasks.scala:555)[0m
[0m[[0m[31merror[0m] [0m[0mscala.collection.parallel.ExecutionContextTasks.executeAndWaitResult$(Tasks.scala:555)[0m
[0m[[0m[31merror[0m] [0m[0mscala.collection.parallel.ExecutionContextTaskSupport.executeAndWaitResult(TaskSupport.scala:84)[0m
[0m[[0m[31merror[0m] [0m[0mscala.collection.parallel.ParIterableLike$ResultMapping.leaf(ParIterableLike.scala:968)[0m
[0m[[0m[31merror[0m] [0m[0mscala.collection.parallel.Task.$anonfun$tryLeaf$1(Tasks.scala:53)[0m
[0m[[0m[31merror[0m] [0m[0mscala.runtime.java8.JFunction0$mcV$sp.apply(JFunction0$mcV$sp.java:23)[0m
[0m[[0m[31merror[0m] [0m[0mscala.util.control.Breaks$$anon$1.catchBreak(Breaks.scala:67)[0m
[0m[[0m[31merror[0m] [0m[0mscala.collection.parallel.Task.tryLeaf(Tasks.scala:56)[0m
[0m[[0m[31merror[0m] [0m[0mscala.collection.parallel.Task.tryLeaf$(Tasks.scala:50)[0m
[0m[[0m[31merror[0m] [0m[0mscala.collection.parallel.ParIterableLike$ResultMapping.tryLeaf(ParIterableLike.scala:963)[0m
[0m[[0m[31merror[0m] [0m[0mscala.collection.parallel.AdaptiveWorkStealingTasks$WrappedTask.compute(Tasks.scala:153)[0m
[0m[[0m[31merror[0m] [0m[0mscala.collection.parallel.AdaptiveWorkStealingTasks$WrappedTask.compute$(Tasks.scala:149)[0m
[0m[[0m[31merror[0m] [0m[0mscala.collection.parallel.AdaptiveWorkStealingForkJoinTasks$WrappedTask.compute(Tasks.scala:440)[0m
[0m[[0m[31merror[0m] [0m[0mjava.util.concurrent.RecursiveAction.exec(Unknown Source)[0m
[0m[[0m[31merror[0m] [0m[0mjava.util.concurrent.ForkJoinTask.doExec(Unknown Source)[0m
[0m[[0m[31merror[0m] [0m[0mjava.util.concurrent.ForkJoinPool$WorkQueue.runTask(Unknown Source)[0m
[0m[[0m[31merror[0m] [0m[0mjava.util.concurrent.ForkJoinPool.runWorker(Unknown Source)[0m
[0m[[0m[31merror[0m] [0m[0mjava.util.concurrent.ForkJoinWorkerThread.run(Unknown Source)[0m
[0m[[0m[31merror[0m] [0m[0m           [0m
